2025-06-08 17:06:00 | DEBUG | repo=richrates | action=edit | files=3
2025-08-13 13:51:00 | INFO | repo=richrates | action=commit
2025-09-02 08:07:00 | WARN | repo=richrates | action=commit
2025-08-03 09:32:00 | WARN | repo=richrates | action=commit
2025-05-01 07:39:00 | DEBUG | repo=richrates | action=commit
2025-11-18 07:45:00 | INFO | repo=richrates | action=commit
2025-06-07 10:47:00 | DEBUG | repo=richrates | action=commit
2025-09-05 18:23:00 | WARN | repo=richrates | action=commit
2025-09-05 07:46:00 | WARN | repo=richrates | action=edit | files=1
2025-03-25 15:26:00 | INFO | repo=richrates | action=commit
2025-11-07 10:38:00 | INFO | repo=richrates | action=commit
2025-05-19 12:02:00 | DEBUG | repo=richrates | action=commit
2025-10-27 17:20:00 | INFO | repo=richrates | action=commit
2025-10-06 08:33:00 | DEBUG | repo=richrates | action=commit
2025-11-04 20:33:00 | INFO | repo=richrates | action=commit
2025-09-10 13:44:00 | INFO | repo=richrates | action=commit
2025-05-23 09:52:00 | WARN | repo=richrates | action=commit
2025-07-19 12:33:00 | WARN | repo=richrates | action=commit
2025-01-20 18:53:00 | WARN | repo=richrates | action=commit
2025-12-23 07:03:00 | WARN | repo=richrates | action=pull
2025-06-07 07:56:00 | WARN | repo=richrates | action=commit
2025-08-08 12:18:00 | WARN | repo=richrates | action=commit
2025-11-18 14:52:00 | WARN | repo=richrates | action=edit | files=2
2025-05-20 07:29:00 | DEBUG | repo=richrates | action=commit
2025-04-12 17:14:00 | WARN | repo=richrates | action=edit | files=5
2025-03-26 08:37:00 | INFO | repo=richrates | action=commit
2025-05-06 12:00:00 | WARN | repo=richrates | action=commit
2025-08-04 08:39:00 | WARN | repo=richrates | action=commit
2025-05-08 11:06:00 | DEBUG | repo=richrates | action=edit | files=2
2025-03-07 12:42:00 | INFO | repo=richrates | action=commit
2025-02-20 10:47:00 | DEBUG | repo=richrates | action=commit
2025-09-19 17:39:00 | INFO | repo=richrates | action=commit
2025-10-05 07:14:00 | WARN | repo=richrates | action=commit
2025-05-24 18:13:00 | DEBUG | repo=richrates | action=commit
2025-11-20 16:11:00 | WARN | repo=richrates | action=commit
2025-12-22 10:50:00 | INFO | repo=richrates | action=commit
2025-08-21 08:09:00 | WARN | repo=richrates | action=commit
2025-07-11 14:58:00 | INFO | repo=richrates | action=commit
2025-09-11 08:09:00 | WARN | repo=richrates | action=commit
2025-08-17 13:18:00 | WARN | repo=richrates | action=test | passed=true
2025-07-04 07:17:00 | DEBUG | repo=richrates | action=edit | files=5
2025-04-27 19:28:00 | INFO | repo=richrates | action=commit
2025-05-27 10:22:00 | WARN | repo=richrates | action=commit
2025-12-14 08:59:00 | INFO | repo=richrates | action=test | passed=true
2025-04-07 08:17:00 | WARN | repo=richrates | action=commit
2025-11-26 19:40:00 | INFO | repo=richrates | action=pull
2025-05-09 11:25:00 | DEBUG | repo=richrates | action=commit
2025-08-10 19:57:00 | DEBUG | repo=richrates | action=commit
2025-01-21 07:43:00 | INFO | repo=richrates | action=commit
2025-04-22 11:37:00 | INFO | repo=richrates | action=commit
2025-11-06 10:27:00 | DEBUG | repo=richrates | action=commit
2025-08-24 14:45:00 | WARN | repo=richrates | action=pull
2025-03-23 15:53:00 | WARN | repo=richrates | action=commit
2025-11-08 08:02:00 | DEBUG | repo=richrates | action=commit
2025-07-17 17:19:00 | WARN | repo=richrates | action=commit
2025-09-05 07:48:00 | WARN | repo=richrates | action=edit | files=4
2025-04-13 17:57:00 | INFO | repo=richrates | action=commit
2025-06-25 20:31:00 | WARN | repo=richrates | action=edit | files=5
2025-08-16 07:42:00 | INFO | repo=richrates | action=commit
2025-08-04 17:54:00 | WARN | repo=richrates | action=edit | files=2
2025-10-17 08:22:00 | INFO | repo=richrates | action=test | passed=true
2025-01-23 09:18:00 | INFO | repo=richrates | action=commit
2025-03-15 13:19:00 | DEBUG | repo=richrates | action=commit
2025-10-10 08:45:00 | WARN | repo=richrates | action=commit
2025-04-07 21:58:00 | INFO | repo=richrates | action=commit
2025-11-07 20:01:00 | DEBUG | repo=richrates | action=commit
2025-03-25 07:47:00 | DEBUG | repo=richrates | action=commit
2025-08-12 13:08:00 | INFO | repo=richrates | action=commit
2025-09-17 07:44:00 | WARN | repo=richrates | action=commit
2025-10-26 17:41:00 | WARN | repo=richrates | action=commit
2025-11-20 09:40:00 | DEBUG | repo=richrates | action=test | passed=true
2025-03-26 14:06:00 | WARN | repo=richrates | action=commit
2025-06-22 21:51:00 | INFO | repo=richrates | action=commit
